gas-south-mobi/GasSouth_Mobile/android/app/build/intermediates/manifest_merge_blame_file/release/manifest-merger-blame-release-report.txt
1<?xml version="1.0" encoding="utf-8"?>
2<manifest xmlns:android="http://schemas.android.com/apk/res/android"
3    package="com.gassouth"
4    android:versionCode="33"
5    android:versionName="33.1" >
6
7    <uses-sdk
8        android:minSdkVersion="21"
8-->src\main\AndroidManifest.xml
9        android:targetSdkVersion="33" />
9-->src\main\AndroidManifest.xml
10
11    <uses-permission android:name="android.permission.INTERNET" />
11-->src\main\AndroidManifest.xml:4:5-67
11-->src\main\AndroidManifest.xml:4:22-64
12    <uses-permission android:name="android.permission.SYSTEM_ALERT_WINDOW" />
12-->src\main\AndroidManifest.xml:5:5-77
12-->src\main\AndroidManifest.xml:5:22-75
13    <uses-permission android:name="android.permission.RECORD_AUDIO" />
13-->src\main\AndroidManifest.xml:6:5-70
13-->src\main\AndroidManifest.xml:6:22-68
14    <uses-permission android:name="android.permission.RECORD_VIDEO" />
14-->src\main\AndroidManifest.xml:7:5-70
14-->src\main\AndroidManifest.xml:7:22-68
15    <uses-permission
15-->src\main\AndroidManifest.xml:8:5-9:34
16        android:name="android.permission.READ_EXTERNAL_STORAGE"
16-->src\main\AndroidManifest.xml:8:22-77
17        android:maxSdkVersion="32" />
17-->src\main\AndroidManifest.xml:9:5-31
18    <uses-permission android:name="android.permission.WRITE_EXTERNAL_STORAGE" />
18-->src\main\AndroidManifest.xml:10:5-81
18-->src\main\AndroidManifest.xml:10:22-78
19    <uses-permission android:name="android.permission.ACCESS_NETWORK_STATE" />
19-->src\main\AndroidManifest.xml:11:5-79
19-->src\main\AndroidManifest.xml:11:22-76
20    <uses-permission android:name="android.permission.CAMERA" />
20-->src\main\AndroidManifest.xml:12:5-65
20-->src\main\AndroidManifest.xml:12:22-62
21    <uses-permission android:name="android.permission.VIBRATE" />
21-->src\main\AndroidManifest.xml:13:5-65
21-->src\main\AndroidManifest.xml:13:22-63
22    <uses-permission android:name="android.permission.READ_MEDIA_IMAGES" />
22-->src\main\AndroidManifest.xml:14:5-76
22-->src\main\AndroidManifest.xml:14:22-73
23    <uses-permission android:name="android.permission.READ_MEDIA_VIDEO" />
23-->src\main\AndroidManifest.xml:15:5-75
23-->src\main\AndroidManifest.xml:15:22-72
24
25    <!-- Android >= 12 -->
26    <uses-permission android:name="android.permission.BLUETOOTH_SCAN" />
26-->src\main\AndroidManifest.xml:18:4-73
26-->src\main\AndroidManifest.xml:18:21-69
27    <uses-permission android:name="android.permission.BLUETOOTH_CONNECT" />
27-->src\main\AndroidManifest.xml:19:4-76
27-->src\main\AndroidManifest.xml:19:21-72
28    <!-- Android < 12 -->
29    <uses-permission
29-->src\main\AndroidManifest.xml:21:4-94
30        android:name="android.permission.BLUETOOTH"
30-->src\main\AndroidManifest.xml:21:21-64
31        android:maxSdkVersion="30" />
31-->src\main\AndroidManifest.xml:21:65-91
32    <uses-permission
32-->src\main\AndroidManifest.xml:22:4-100
33        android:name="android.permission.BLUETOOTH_ADMIN"
33-->src\main\AndroidManifest.xml:22:21-70
34        android:maxSdkVersion="30" />
34-->src\main\AndroidManifest.xml:22:71-97
35    <uses-permission android:name="android.permission.BLUETOOTH_ADVERTISE" />
35-->src\main\AndroidManifest.xml:23:4-77
35-->src\main\AndroidManifest.xml:23:21-74
36    <uses-permission android:name="android.permission.ACCESS_FINE_LOCATION" />
36-->src\main\AndroidManifest.xml:24:5-78
36-->src\main\AndroidManifest.xml:24:22-76
37    <!-- common -->
38    <uses-permission android:name="android.permission.ACCESS_COARSE_LOCATION" />
38-->src\main\AndroidManifest.xml:26:5-81
38-->src\main\AndroidManifest.xml:26:22-78
39
40    <uses-feature
40-->[:react-native-camera] AndroidManifest.xml:11:5-13:36
41        android:name="android.hardware.camera"
41-->[:react-native-camera] AndroidManifest.xml:12:9-47
42        android:required="false" />
42-->[:react-native-camera] AndroidManifest.xml:13:9-33
43    <uses-feature
43-->[:react-native-camera] AndroidManifest.xml:14:5-16:36
44        android:name="android.hardware.camera.autofocus"
44-->[:react-native-camera] AndroidManifest.xml:15:9-57
45        android:required="false" />
45-->[:react-native-camera] AndroidManifest.xml:16:9-33
46
47    <uses-permission android:name="android.permission.ACCESS_WIFI_STATE" />
47-->[:react-native-community_netinfo] AndroidManifest.xml:10:5-76
47-->[:react-native-community_netinfo] AndroidManifest.xml:10:22-73
48    <uses-permission android:name="android.permission.WAKE_LOCK" /> <!-- Create a unique permission for your app and use it so only your app can receive your OneSignal messages. -->
48-->[:react-native-background-timer] AndroidManifest.xml:11:5-68
48-->[:react-native-background-timer] AndroidManifest.xml:11:22-65
49    <permission
49-->[com.onesignal:OneSignal:4.8.6] AndroidManifest.xml:7:5-9:47
50        android:name="com.gassouth.permission.C2D_MESSAGE"
50-->[com.onesignal:OneSignal:4.8.6] AndroidManifest.xml:8:9-63
51        android:protectionLevel="signature" />
51-->[com.onesignal:OneSignal:4.8.6] AndroidManifest.xml:9:9-44
52
53    <uses-permission android:name="com.gassouth.permission.C2D_MESSAGE" /> <!-- OneSignal SDK has runtime checks Android version. -->
53-->[com.onesignal:OneSignal:4.8.6] AndroidManifest.xml:11:5-79
53-->[com.onesignal:OneSignal:4.8.6] AndroidManifest.xml:11:22-76
54    <!-- <uses-sdk tools:overrideLibrary="android.support.customtabs"/> -->
55    <!-- Required runtime permission to display notifications on Android 13 -->
56    <uses-permission android:name="android.permission.POST_NOTIFICATIONS" /> <!-- c2dm RECEIVE are basic requirements for push messages through Google's FCM -->
56-->[com.onesignal:OneSignal:4.8.6] AndroidManifest.xml:16:5-77
56-->[com.onesignal:OneSignal:4.8.6] AndroidManifest.xml:16:22-74
57    <uses-permission android:name="com.google.android.c2dm.permission.RECEIVE" />
57-->[com.onesignal:OneSignal:4.8.6] AndroidManifest.xml:18:5-82
57-->[com.onesignal:OneSignal:4.8.6] AndroidManifest.xml:18:22-79
58    <!--
59 Use to restore notifications the user hasn't interacted with.
60         They could be missed notifications if the user reboots their device if this isn't in place.
61    -->
62    <uses-permission android:name="android.permission.RECEIVE_BOOT_COMPLETED" /> <!-- START: ShortcutBadger -->
62-->[com.onesignal:OneSignal:4.8.6] AndroidManifest.xml:30:5-81
62-->[com.onesignal:OneSignal:4.8.6] AndroidManifest.xml:30:22-78
63    <!-- Samsung -->
64    <uses-permission android:name="com.sec.android.provider.badge.permission.READ" />
64-->[com.onesignal:OneSignal:4.8.6] AndroidManifest.xml:32:5-86
64-->[com.onesignal:OneSignal:4.8.6] AndroidManifest.xml:32:22-83
65    <uses-permission android:name="com.sec.android.provider.badge.permission.WRITE" /> <!-- HTC -->
65-->[com.onesignal:OneSignal:4.8.6] AndroidManifest.xml:33:5-87
65-->[com.onesignal:OneSignal:4.8.6] AndroidManifest.xml:33:22-84
66    <uses-permission android:name="com.htc.launcher.permission.READ_SETTINGS" />
66-->[com.onesignal:OneSignal:4.8.6] AndroidManifest.xml:34:5-81
66-->[com.onesignal:OneSignal:4.8.6] AndroidManifest.xml:34:22-78
67    <uses-permission android:name="com.htc.launcher.permission.UPDATE_SHORTCUT" /> <!-- Sony -->
67-->[com.onesignal:OneSignal:4.8.6] AndroidManifest.xml:35:5-83
67-->[com.onesignal:OneSignal:4.8.6] AndroidManifest.xml:35:22-80
68    <uses-permission android:name="com.sonyericsson.home.permission.BROADCAST_BADGE" />
68-->[com.onesignal:OneSignal:4.8.6] AndroidManifest.xml:36:5-88
68-->[com.onesignal:OneSignal:4.8.6] AndroidManifest.xml:36:22-85
69    <uses-permission android:name="com.sonymobile.home.permission.PROVIDER_INSERT_BADGE" /> <!-- Apex -->
69-->[com.onesignal:OneSignal:4.8.6] AndroidManifest.xml:37:5-92
69-->[com.onesignal:OneSignal:4.8.6] AndroidManifest.xml:37:22-89
70    <uses-permission android:name="com.anddoes.launcher.permission.UPDATE_COUNT" /> <!-- Solid -->
70-->[com.onesignal:OneSignal:4.8.6] AndroidManifest.xml:38:5-84
70-->[com.onesignal:OneSignal:4.8.6] AndroidManifest.xml:38:22-81
71    <uses-permission android:name="com.majeur.launcher.permission.UPDATE_BADGE" /> <!-- Huawei -->
71-->[com.onesignal:OneSignal:4.8.6] AndroidManifest.xml:39:5-83
71-->[com.onesignal:OneSignal:4.8.6] AndroidManifest.xml:39:22-80
72    <uses-permission android:name="com.huawei.android.launcher.permission.CHANGE_BADGE" />
72-->[com.onesignal:OneSignal:4.8.6] AndroidManifest.xml:40:5-91
72-->[com.onesignal:OneSignal:4.8.6] AndroidManifest.xml:40:22-88
73    <uses-permission android:name="com.huawei.android.launcher.permission.READ_SETTINGS" />
73-->[com.onesignal:OneSignal:4.8.6] AndroidManifest.xml:41:5-92
73-->[com.onesignal:OneSignal:4.8.6] AndroidManifest.xml:41:22-89
74    <uses-permission android:name="com.huawei.android.launcher.permission.WRITE_SETTINGS" /> <!-- ZUK -->
74-->[com.onesignal:OneSignal:4.8.6] AndroidManifest.xml:42:5-93
74-->[com.onesignal:OneSignal:4.8.6] AndroidManifest.xml:42:22-90
75    <uses-permission android:name="android.permission.READ_APP_BADGE" /> <!-- OPPO -->
75-->[com.onesignal:OneSignal:4.8.6] AndroidManifest.xml:43:5-73
75-->[com.onesignal:OneSignal:4.8.6] AndroidManifest.xml:43:22-70
76    <uses-permission android:name="com.oppo.launcher.permission.READ_SETTINGS" />
76-->[com.onesignal:OneSignal:4.8.6] AndroidManifest.xml:44:5-82
76-->[com.onesignal:OneSignal:4.8.6] AndroidManifest.xml:44:22-79
77    <uses-permission android:name="com.oppo.launcher.permission.WRITE_SETTINGS" /> <!-- EvMe -->
77-->[com.onesignal:OneSignal:4.8.6] AndroidManifest.xml:45:5-83
77-->[com.onesignal:OneSignal:4.8.6] AndroidManifest.xml:45:22-80
78    <uses-permission android:name="me.everything.badger.permission.BADGE_COUNT_READ" />
78-->[com.onesignal:OneSignal:4.8.6] AndroidManifest.xml:46:5-88
78-->[com.onesignal:OneSignal:4.8.6] AndroidManifest.xml:46:22-85
79    <uses-permission android:name="me.everything.badger.permission.BADGE_COUNT_WRITE" />
79-->[com.onesignal:OneSignal:4.8.6] AndroidManifest.xml:47:5-89
79-->[com.onesignal:OneSignal:4.8.6] AndroidManifest.xml:47:22-86
80
81    <uses-feature
81-->[com.google.android.gms:play-services-maps:17.0.0] AndroidManifest.xml:26:5-28:35
82        android:glEsVersion="0x00020000"
82-->[com.google.android.gms:play-services-maps:17.0.0] AndroidManifest.xml:27:9-41
83        android:required="true" />
83-->[com.google.android.gms:play-services-maps:17.0.0] AndroidManifest.xml:28:9-32
84
85    <uses-permission android:name="android.permission.FOREGROUND_SERVICE" />
85-->[androidx.work:work-runtime:2.7.1] AndroidManifest.xml:28:5-77
85-->[androidx.work:work-runtime:2.7.1] AndroidManifest.xml:28:22-74
86    <!--
87 <uses-feature android:name="android.hardware.bluetooth" android:required="false"/>
88    <uses-feature android:name="android.hardware.bluetooth_le" android:required="false"/>
89    -->
90    <application
90-->src\main\AndroidManifest.xml:29:5-51:19
91        android:name="com.gassouth.MainApplication"
91-->src\main\AndroidManifest.xml:30:7-38
92        android:allowBackup="false"
92-->src\main\AndroidManifest.xml:34:7-34
93        android:appComponentFactory="AnyStrings"
93-->src\main\AndroidManifest.xml:36:7-47
94        android:icon="@mipmap/ic_launcher"
94-->src\main\AndroidManifest.xml:32:7-41
95        android:label="@string/app_name"
95-->src\main\AndroidManifest.xml:31:7-39
96        android:roundIcon="@mipmap/ic_launcher"
96-->src\main\AndroidManifest.xml:33:7-46
97        android:theme="@style/AppTheme"
97-->src\main\AndroidManifest.xml:35:7-38
98        android:usesCleartextTraffic="true" >
98-->src\main\AndroidManifest.xml:38:7-42
99        <activity
99-->src\main\AndroidManifest.xml:39:7-49:18
100            android:name="com.gassouth.MainActivity"
100-->src\main\AndroidManifest.xml:40:9-37
101            android:configChanges="keyboard|keyboardHidden|orientation|screenSize"
101-->src\main\AndroidManifest.xml:42:9-79
102            android:exported="true"
102-->src\main\AndroidManifest.xml:44:9-32
103            android:label="@string/app_name"
103-->src\main\AndroidManifest.xml:41:9-41
104            android:windowSoftInputMode="adjustResize" >
104-->src\main\AndroidManifest.xml:43:9-51
105            <intent-filter>
105-->src\main\AndroidManifest.xml:45:9-48:25
106                <action android:name="android.intent.action.MAIN" />
106-->src\main\AndroidManifest.xml:46:13-65
106-->src\main\AndroidManifest.xml:46:21-62
107
108                <category android:name="android.intent.category.LAUNCHER" />
108-->src\main\AndroidManifest.xml:47:13-73
108-->src\main\AndroidManifest.xml:47:23-70
109            </intent-filter>
110        </activity>
111        <activity
111-->src\main\AndroidManifest.xml:50:7-108
112            android:name="com.facebook.react.devsupport.DevSettingsActivity"
112-->src\main\AndroidManifest.xml:50:17-81
113            android:exported="false" />
113-->src\main\AndroidManifest.xml:50:82-106
114
115        <receiver
115-->[com.onesignal:OneSignal:4.8.6] AndroidManifest.xml:50:9-61:20
116            android:name="com.onesignal.FCMBroadcastReceiver"
116-->[com.onesignal:OneSignal:4.8.6] AndroidManifest.xml:51:13-62
117            android:exported="true"
117-->[com.onesignal:OneSignal:4.8.6] AndroidManifest.xml:52:13-36
118            android:permission="com.google.android.c2dm.permission.SEND" >
118-->[com.onesignal:OneSignal:4.8.6] AndroidManifest.xml:53:13-73
119
120            <!-- High priority so OneSignal payloads can be filtered from other FCM receivers -->
121            <intent-filter android:priority="999" >
121-->[com.onesignal:OneSignal:4.8.6] AndroidManifest.xml:56:13-60:29
121-->[com.onesignal:OneSignal:4.8.6] AndroidManifest.xml:56:28-50
122                <action android:name="com.google.android.c2dm.intent.RECEIVE" />
122-->[com.onesignal:OneSignal:4.8.6] AndroidManifest.xml:57:17-81
122-->[com.onesignal:OneSignal:4.8.6] AndroidManifest.xml:57:25-78
123
124                <category android:name="com.gassouth" />
124-->[com.onesignal:OneSignal:4.8.6] AndroidManifest.xml:59:17-61
124-->[com.onesignal:OneSignal:4.8.6] AndroidManifest.xml:59:27-58
125            </intent-filter>
126        </receiver>
127
128        <service
128-->[com.onesignal:OneSignal:4.8.6] AndroidManifest.xml:63:9-69:19
129            android:name="com.onesignal.HmsMessageServiceOneSignal"
129-->[com.onesignal:OneSignal:4.8.6] AndroidManifest.xml:64:13-68
130            android:exported="false" >
130-->[com.onesignal:OneSignal:4.8.6] AndroidManifest.xml:65:13-37
131            <intent-filter>
131-->[com.onesignal:OneSignal:4.8.6] AndroidManifest.xml:66:13-68:29
132                <action android:name="com.huawei.push.action.MESSAGING_EVENT" />
132-->[com.onesignal:OneSignal:4.8.6] AndroidManifest.xml:67:17-81
132-->[com.onesignal:OneSignal:4.8.6] AndroidManifest.xml:67:25-78
133            </intent-filter>
134        </service>
135
136        <activity
136-->[com.onesignal:OneSignal:4.8.6] AndroidManifest.xml:71:9-79:20
137            android:name="com.onesignal.NotificationOpenedActivityHMS"
137-->[com.onesignal:OneSignal:4.8.6] AndroidManifest.xml:72:13-71
138            android:exported="true"
138-->[com.onesignal:OneSignal:4.8.6] AndroidManifest.xml:73:13-36
139            android:noHistory="true"
139-->[com.onesignal:OneSignal:4.8.6] AndroidManifest.xml:74:13-37
140            android:theme="@android:style/Theme.Translucent.NoTitleBar" >
140-->[com.onesignal:OneSignal:4.8.6] AndroidManifest.xml:75:13-72
141            <intent-filter>
141-->[com.onesignal:OneSignal:4.8.6] AndroidManifest.xml:76:13-78:29
142                <action android:name="android.intent.action.VIEW" />
142-->[com.onesignal:OneSignal:4.8.6] AndroidManifest.xml:77:17-69
142-->[com.onesignal:OneSignal:4.8.6] AndroidManifest.xml:77:25-66
143            </intent-filter>
144        </activity>
145
146        <service
146-->[com.onesignal:OneSignal:4.8.6] AndroidManifest.xml:81:9-83:40
147            android:name="com.onesignal.FCMIntentService"
147-->[com.onesignal:OneSignal:4.8.6] AndroidManifest.xml:82:13-58
148            android:exported="false" />
148-->[com.onesignal:OneSignal:4.8.6] AndroidManifest.xml:83:13-37
149        <service
149-->[com.onesignal:OneSignal:4.8.6] AndroidManifest.xml:84:9-87:72
150            android:name="com.onesignal.FCMIntentJobService"
150-->[com.onesignal:OneSignal:4.8.6] AndroidManifest.xml:85:13-61
151            android:exported="false"
151-->[com.onesignal:OneSignal:4.8.6] AndroidManifest.xml:86:13-37
152            android:permission="android.permission.BIND_JOB_SERVICE" />
152-->[com.onesignal:OneSignal:4.8.6] AndroidManifest.xml:87:13-69
153        <service
153-->[com.onesignal:OneSignal:4.8.6] AndroidManifest.xml:88:9-91:43
154            android:name="com.onesignal.SyncService"
154-->[com.onesignal:OneSignal:4.8.6] AndroidManifest.xml:89:13-53
155            android:exported="false"
155-->[com.onesignal:OneSignal:4.8.6] AndroidManifest.xml:90:13-37
156            android:stopWithTask="true" />
156-->[com.onesignal:OneSignal:4.8.6] AndroidManifest.xml:91:13-40
157        <service
157-->[com.onesignal:OneSignal:4.8.6] AndroidManifest.xml:92:9-95:72
158            android:name="com.onesignal.SyncJobService"
158-->[com.onesignal:OneSignal:4.8.6] AndroidManifest.xml:93:13-56
159            android:exported="false"
159-->[com.onesignal:OneSignal:4.8.6] AndroidManifest.xml:94:13-37
160            android:permission="android.permission.BIND_JOB_SERVICE" />
160-->[com.onesignal:OneSignal:4.8.6] AndroidManifest.xml:95:13-69
161
162        <activity
162-->[com.onesignal:OneSignal:4.8.6] AndroidManifest.xml:97:9-100:75
163            android:name="com.onesignal.PermissionsActivity"
163-->[com.onesignal:OneSignal:4.8.6] AndroidManifest.xml:98:13-61
164            android:exported="false"
164-->[com.onesignal:OneSignal:4.8.6] AndroidManifest.xml:99:13-37
165            android:theme="@android:style/Theme.Translucent.NoTitleBar" />
165-->[com.onesignal:OneSignal:4.8.6] AndroidManifest.xml:100:13-72
166
167        <receiver
167-->[com.onesignal:OneSignal:4.8.6] AndroidManifest.xml:102:9-104:39
168            android:name="com.onesignal.NotificationDismissReceiver"
168-->[com.onesignal:OneSignal:4.8.6] AndroidManifest.xml:103:13-69
169            android:exported="true" />
169-->[com.onesignal:OneSignal:4.8.6] AndroidManifest.xml:104:13-36
170        <receiver
170-->[com.onesignal:OneSignal:4.8.6] AndroidManifest.xml:105:9-112:20
171            android:name="com.onesignal.BootUpReceiver"
171-->[com.onesignal:OneSignal:4.8.6] AndroidManifest.xml:106:13-56
172            android:exported="true" >
172-->[com.onesignal:OneSignal:4.8.6] AndroidManifest.xml:107:13-36
173            <intent-filter>
173-->[com.onesignal:OneSignal:4.8.6] AndroidManifest.xml:108:13-111:29
174                <action android:name="android.intent.action.BOOT_COMPLETED" />
174-->[com.onesignal:OneSignal:4.8.6] AndroidManifest.xml:109:17-79
174-->[com.onesignal:OneSignal:4.8.6] AndroidManifest.xml:109:25-76
175                <action android:name="android.intent.action.QUICKBOOT_POWERON" />
175-->[com.onesignal:OneSignal:4.8.6] AndroidManifest.xml:110:17-82
175-->[com.onesignal:OneSignal:4.8.6] AndroidManifest.xml:110:25-79
176            </intent-filter>
177        </receiver>
178        <receiver
178-->[com.onesignal:OneSignal:4.8.6] AndroidManifest.xml:113:9-119:20
179            android:name="com.onesignal.UpgradeReceiver"
179-->[com.onesignal:OneSignal:4.8.6] AndroidManifest.xml:114:13-57
180            android:exported="true" >
180-->[com.onesignal:OneSignal:4.8.6] AndroidManifest.xml:115:13-36
181            <intent-filter>
181-->[com.onesignal:OneSignal:4.8.6] AndroidManifest.xml:116:13-118:29
182                <action android:name="android.intent.action.MY_PACKAGE_REPLACED" />
182-->[com.onesignal:OneSignal:4.8.6] AndroidManifest.xml:117:17-84
182-->[com.onesignal:OneSignal:4.8.6] AndroidManifest.xml:117:25-81
183            </intent-filter>
184        </receiver>
185
186        <activity
186-->[com.onesignal:OneSignal:4.8.6] AndroidManifest.xml:121:9-127:75
187            android:name="com.onesignal.NotificationOpenedReceiver"
187-->[com.onesignal:OneSignal:4.8.6] AndroidManifest.xml:122:13-68
188            android:excludeFromRecents="true"
188-->[com.onesignal:OneSignal:4.8.6] AndroidManifest.xml:123:13-46
189            android:exported="true"
189-->[com.onesignal:OneSignal:4.8.6] AndroidManifest.xml:124:13-36
190            android:noHistory="true"
190-->[com.onesignal:OneSignal:4.8.6] AndroidManifest.xml:125:13-37
191            android:taskAffinity=""
191-->[com.onesignal:OneSignal:4.8.6] AndroidManifest.xml:126:13-36
192            android:theme="@android:style/Theme.Translucent.NoTitleBar" />
192-->[com.onesignal:OneSignal:4.8.6] AndroidManifest.xml:127:13-72
193        <activity
193-->[com.onesignal:OneSignal:4.8.6] AndroidManifest.xml:128:9-133:75
194            android:name="com.onesignal.NotificationOpenedReceiverAndroid22AndOlder"
194-->[com.onesignal:OneSignal:4.8.6] AndroidManifest.xml:129:13-85
195            android:excludeFromRecents="true"
195-->[com.onesignal:OneSignal:4.8.6] AndroidManifest.xml:130:13-46
196            android:exported="true"
196-->[com.onesignal:OneSignal:4.8.6] AndroidManifest.xml:131:13-36
197            android:noHistory="true"
197-->[com.onesignal:OneSignal:4.8.6] AndroidManifest.xml:132:13-37
198            android:theme="@android:style/Theme.Translucent.NoTitleBar" />
198-->[com.onesignal:OneSignal:4.8.6] AndroidManifest.xml:133:13-72
199
200        <receiver
200-->[com.google.firebase:firebase-messaging:23.0.0] AndroidManifest.xml:28:9-35:20
201            android:name="com.google.firebase.iid.FirebaseInstanceIdReceiver"
201-->[com.google.firebase:firebase-messaging:23.0.0] AndroidManifest.xml:29:13-78
202            android:exported="true"
202-->[com.google.firebase:firebase-messaging:23.0.0] AndroidManifest.xml:30:13-36
203            android:permission="com.google.android.c2dm.permission.SEND" >
203-->[com.google.firebase:firebase-messaging:23.0.0] AndroidManifest.xml:31:13-73
204            <intent-filter>
204-->[com.google.firebase:firebase-messaging:23.0.0] AndroidManifest.xml:32:13-34:29
205                <action android:name="com.google.android.c2dm.intent.RECEIVE" />
205-->[com.onesignal:OneSignal:4.8.6] AndroidManifest.xml:57:17-81
205-->[com.onesignal:OneSignal:4.8.6] AndroidManifest.xml:57:25-78
206            </intent-filter>
207        </receiver>
208        <!--
209             FirebaseMessagingService performs security checks at runtime,
210             but set to not exported to explicitly avoid allowing another app to call it.
211        -->
212        <service
212-->[com.google.firebase:firebase-messaging:23.0.0] AndroidManifest.xml:41:9-48:19
213            android:name="com.google.firebase.messaging.FirebaseMessagingService"
213-->[com.google.firebase:firebase-messaging:23.0.0] AndroidManifest.xml:42:13-82
214            android:directBootAware="true"
214-->[com.google.firebase:firebase-messaging:23.0.0] AndroidManifest.xml:43:13-43
215            android:exported="false" >
215-->[com.google.firebase:firebase-messaging:23.0.0] AndroidManifest.xml:44:13-37
216            <intent-filter android:priority="-500" >
216-->[com.google.firebase:firebase-messaging:23.0.0] AndroidManifest.xml:45:13-47:29
216-->[com.google.firebase:firebase-messaging:23.0.0] AndroidManifest.xml:45:28-51
217                <action android:name="com.google.firebase.MESSAGING_EVENT" />
217-->[com.google.firebase:firebase-messaging:23.0.0] AndroidManifest.xml:46:17-78
217-->[com.google.firebase:firebase-messaging:23.0.0] AndroidManifest.xml:46:25-75
218            </intent-filter>
219        </service>
220        <service
220-->[com.google.firebase:firebase-messaging:23.0.0] AndroidManifest.xml:49:9-55:19
221            android:name="com.google.firebase.components.ComponentDiscoveryService"
221-->[com.google.firebase:firebase-messaging:23.0.0] AndroidManifest.xml:50:13-84
222            android:directBootAware="true"
222-->[com.google.firebase:firebase-common:20.0.0] AndroidManifest.xml:35:13-43
223            android:exported="false" >
223-->[com.google.firebase:firebase-messaging:23.0.0] AndroidManifest.xml:51:13-37
224            <meta-data
224-->[com.google.firebase:firebase-messaging:23.0.0] AndroidManifest.xml:52:13-54:85
225                android:name="com.google.firebase.components:com.google.firebase.messaging.FirebaseMessagingRegistrar"
225-->[com.google.firebase:firebase-messaging:23.0.0] AndroidManifest.xml:53:17-119
226                android:value="com.google.firebase.components.ComponentRegistrar" />
226-->[com.google.firebase:firebase-messaging:23.0.0] AndroidManifest.xml:54:17-82
227            <meta-data
227-->[com.google.firebase:firebase-datatransport:18.0.0] AndroidManifest.xml:28:13-30:85
228                android:name="com.google.firebase.components:com.google.firebase.datatransport.TransportRegistrar"
228-->[com.google.firebase:firebase-datatransport:18.0.0] AndroidManifest.xml:29:17-115
229                android:value="com.google.firebase.components.ComponentRegistrar" />
229-->[com.google.firebase:firebase-datatransport:18.0.0] AndroidManifest.xml:30:17-82
230            <meta-data
230-->[com.google.firebase:firebase-installations:17.0.0] AndroidManifest.xml:18:13-20:85
231                android:name="com.google.firebase.components:com.google.firebase.installations.FirebaseInstallationsRegistrar"
231-->[com.google.firebase:firebase-installations:17.0.0] AndroidManifest.xml:19:17-127
232                android:value="com.google.firebase.components.ComponentRegistrar" />
232-->[com.google.firebase:firebase-installations:17.0.0] AndroidManifest.xml:20:17-82
233        </service>
234        <service
234-->[com.google.android.datatransport:transport-backend-cct:3.0.0] AndroidManifest.xml:29:9-35:19
235            android:name="com.google.android.datatransport.runtime.backends.TransportBackendDiscovery"
235-->[com.google.android.datatransport:transport-backend-cct:3.0.0] AndroidManifest.xml:30:13-103
236            android:exported="false" >
236-->[com.google.android.datatransport:transport-backend-cct:3.0.0] AndroidManifest.xml:31:13-37
237            <meta-data
237-->[com.google.android.datatransport:transport-backend-cct:3.0.0] AndroidManifest.xml:32:13-34:39
238                android:name="backend:com.google.android.datatransport.cct.CctBackendFactory"
238-->[com.google.android.datatransport:transport-backend-cct:3.0.0] AndroidManifest.xml:33:17-94
239                android:value="cct" />
239-->[com.google.android.datatransport:transport-backend-cct:3.0.0] AndroidManifest.xml:34:17-36
240        </service>
241        <service
241-->[com.google.android.datatransport:transport-runtime:3.0.0] AndroidManifest.xml:26:9-30:19
242            android:name="com.google.android.datatransport.runtime.scheduling.jobscheduling.JobInfoSchedulerService"
242-->[com.google.android.datatransport:transport-runtime:3.0.0] AndroidManifest.xml:27:13-117
243            android:exported="false"
243-->[com.google.android.datatransport:transport-runtime:3.0.0] AndroidManifest.xml:28:13-37
244            android:permission="android.permission.BIND_JOB_SERVICE" >
244-->[com.google.android.datatransport:transport-runtime:3.0.0] AndroidManifest.xml:29:13-69
245        </service>
246
247        <receiver
247-->[com.google.android.datatransport:transport-runtime:3.0.0] AndroidManifest.xml:32:9-34:40
248            android:name="com.google.android.datatransport.runtime.scheduling.jobscheduling.AlarmManagerSchedulerBroadcastReceiver"
248-->[com.google.android.datatransport:transport-runtime:3.0.0] AndroidManifest.xml:33:13-132
249            android:exported="false" /> <!-- Needs to be explicitly declared on P+ -->
249-->[com.google.android.datatransport:transport-runtime:3.0.0] AndroidManifest.xml:34:13-37
250        <uses-library
250-->[com.google.android.gms:play-services-maps:17.0.0] AndroidManifest.xml:33:9-35:40
251            android:name="org.apache.http.legacy"
251-->[com.google.android.gms:play-services-maps:17.0.0] AndroidManifest.xml:34:13-50
252            android:required="false" />
252-->[com.google.android.gms:play-services-maps:17.0.0] AndroidManifest.xml:35:13-37
253
254        <activity
254-->[com.google.android.gms:play-services-base:17.0.0] AndroidManifest.xml:23:9-26:75
255            android:name="com.google.android.gms.common.api.GoogleApiActivity"
255-->[com.google.android.gms:play-services-base:17.0.0] AndroidManifest.xml:24:13-79
256            android:exported="false"
256-->[com.google.android.gms:play-services-base:17.0.0] AndroidManifest.xml:25:13-37
257            android:theme="@android:style/Theme.Translucent.NoTitleBar" />
257-->[com.google.android.gms:play-services-base:17.0.0] AndroidManifest.xml:26:13-72
258
259        <provider
259-->[com.google.firebase:firebase-common:20.0.0] AndroidManifest.xml:26:9-31:39
260            android:name="com.google.firebase.provider.FirebaseInitProvider"
260-->[com.google.firebase:firebase-common:20.0.0] AndroidManifest.xml:27:13-77
261            android:authorities="com.gassouth.firebaseinitprovider"
261-->[com.google.firebase:firebase-common:20.0.0] AndroidManifest.xml:28:13-72
262            android:directBootAware="true"
262-->[com.google.firebase:firebase-common:20.0.0] AndroidManifest.xml:29:13-43
263            android:exported="false"
263-->[com.google.firebase:firebase-common:20.0.0] AndroidManifest.xml:30:13-37
264            android:initOrder="100" />
264-->[com.google.firebase:firebase-common:20.0.0] AndroidManifest.xml:31:13-36
265
266        <meta-data
266-->[com.google.android.gms:play-services-basement:17.0.0] AndroidManifest.xml:23:9-25:69
267            android:name="com.google.android.gms.version"
267-->[com.google.android.gms:play-services-basement:17.0.0] AndroidManifest.xml:24:13-58
268            android:value="@integer/google_play_services_version" />